<?xml version="1.0" encoding="UTF-8"?>
<!-- Generated by org.testng.reporters.JUnitXMLReporter -->
<testsuite hostname="Addagada" ignored="0" name="Test" tests="4" failures="0" timestamp="2020-01-20T20:48:47 EST" time="0.066" errors="0">
  <testcase name="seleniumTest1" time="0.007" classname="MavenPackage.MavenProject.SeleniumTest"/>
  <testcase name="seleniumTest2" time="0.001" classname="MavenPackage.MavenProject.SeleniumTest"/>
  <testcase name="restApiTest1" time="0.001" classname="MavenPackage.MavenProject.RestApiTest"/>
  <testcase name="restApiTest2" time="0.001" classname="MavenPackage.MavenProject.RestApiTest"/>
</testsuite> <!-- Test -->
